This file contains any messages produced by compilers while
running configure, to aid debugging if configure makes a mistake.

configure:610: checking whether to enable maintainer-specific portions of Makefiles
configure:635: checking for makeinfo
configure:681: checking for perl
configure:721: checking host system type
configure:744: checking build system type
configure:770: checking for ar
configure:802: checking for ranlib
configure:871: checking for gcc
configure:950: checking whether we are using GNU C
configure:975: checking whether gcc accepts -g
configure:1007: checking whether gcc and cc understand -c and -o together
configure:1067: checking for POSIXized ISC
configure:1088: checking for working const
configure:1163: checking for inline
configure:1203: checking whether byte ordering is bigendian
configure:1356: checking for a BSD compatible install
configure:1417: checking how to run the C preprocessor
configure:1500: checking for sys/file.h
configure:1500: checking for sys/param.h
configure:1500: checking for limits.h
configure:1500: checking for stdlib.h
configure:1500: checking for malloc.h
configure:1500: checking for string.h
configure:1500: checking for unistd.h
configure:1500: checking for strings.h
configure:1500: checking for sys/time.h
configure:1500: checking for time.h
configure:1500: checking for sys/resource.h
configure:1500: checking for sys/stat.h
configure:1500: checking for sys/mman.h
configure:1500: checking for fcntl.h
configure:1500: checking for alloca.h
configure:1500: checking for sys/pstat.h
configure:1500: checking for sys/sysmp.h
configure:1500: checking for sys/sysinfo.h
configure:1500: checking for machine/hal_sysinfo.h
configure:1500: checking for sys/table.h
configure:1500: checking for sys/sysctl.h
configure:1500: checking for sys/systemcfg.h
configure:1537: checking for sys/wait.h that is POSIX.1 compatible
configure:1579: checking whether time.h and sys/time.h may both be included
configure:1615: checking whether errno must be declared
configure:1649: checking for ANSI C header files
configure:1753: checking for uintptr_t
configure:1794: checking for pid_t
configure:2157: checking whether the C compiler (gcc -g -O2 ) works
configure:2173: gcc -o conftest -g -O2   conftest.c  1>&5
configure:2199: checking whether the C compiler (gcc -g -O2 ) is a cross-compiler
configure:2206: checking for asprintf
configure:2206: checking for atexit
configure:2206: checking for basename
configure:2206: checking for bcmp
configure:2206: checking for bcopy
configure:2206: checking for bsearch
configure:2206: checking for bzero
configure:2206: checking for calloc
configure:2206: checking for clock
configure:2206: checking for ffs
configure:2206: checking for getcwd
configure:2206: checking for getpagesize
configure:2206: checking for index
configure:2206: checking for insque
configure:2206: checking for memchr
configure:2206: checking for memcmp
configure:2206: checking for memcpy
configure:2206: checking for memmove
configure:2206: checking for mempcpy
configure:2206: checking for memset
configure:2206: checking for mkstemps
configure:2206: checking for putenv
configure:2206: checking for random
configure:2206: checking for rename
configure:2206: checking for rindex
configure:2206: checking for setenv
configure:2206: checking for snprintf
configure:2206: checking for sigsetmask
configure:2206: checking for stpcpy
configure:2206: checking for stpncpy
configure:2206: checking for strcasecmp
configure:2206: checking for strchr
configure:2206: checking for strdup
configure:2206: checking for strncasecmp
configure:2206: checking for strrchr
configure:2206: checking for strstr
configure:2206: checking for strtod
configure:2206: checking for strtol
configure:2206: checking for strtoul
configure:2206: checking for tmpnam
configure:2206: checking for vasprintf
configure:2206: checking for vfprintf
configure:2206: checking for vprintf
configure:2206: checking for vsnprintf
configure:2206: checking for vsprintf
configure:2206: checking for waitpid
configure:2261: checking whether alloca needs Cray hooks
configure:2345: checking stack direction for C alloca
configure:2394: checking for vfork.h
configure:2429: checking for working vfork
configure:2670: checking for _doprnt
configure:2726: checking for sys_errlist
configure:2726: checking for sys_nerr
configure:2726: checking for sys_siglist
configure:2765: checking for external symbol _system_configuration
configure:2774: gcc -c -g -O2  conftest.c 1>&5
configure:2768:27: error: sys/systemcfg.h: No such file or directory
configure: In function 'main':
configure:2770: error: '_system_configuration' undeclared (first use in this function)
configure:2770: error: (Each undeclared identifier is reported only once
configure:2770: error: for each function it appears in.)
configure: failed program was:
#line 2767 "configure"
#include "confdefs.h"
#include <sys/systemcfg.h>
int main() {
double x = _system_configuration.physmem;
; return 0; }
configure:2792: checking for getrusage
configure:2792: checking for on_exit
configure:2792: checking for psignal
configure:2792: checking for strerror
configure:2792: checking for strsignal
configure:2792: checking for sysconf
configure:2792: checking for times
configure:2792: checking for sbrk
configure:2792: checking for gettimeofday
configure:2792: checking for realpath
configure:2792: checking for canonicalize_file_name
configure:2792: checking for pstat_getstatic
configure:2792: checking for pstat_getdynamic
configure:2792: checking for sysmp
configure:2792: checking for getsysinfo
configure:2792: checking for table
configure:2792: checking for sysctl
configure:2845: checking whether canonicalize_file_name must be declared
configure:2908: checking for stdlib.h
configure:2908: checking for unistd.h
configure:2908: checking for sys/stat.h
configure:2908: checking for sys/types.h
configure:2947: checking for getpagesize
configure:3000: checking for working mmap
configure:3185: checking for working strncmp
