This file contains any messages produced by compilers while
running configure, to aid debugging if configure makes a mistake.

configure:631: checking LIBRARY_PATH variable
configure:656: checking GCC_EXEC_PREFIX variable
configure:843: checking host system type
configure:864: checking target system type
configure:882: checking build system type
configure:930: checking for gcc
configure:1043: checking whether the C compiler (gcc -g -O2 ) works
configure:1059: gcc -o conftest -g -O2   conftest.c  1>&5
configure:1085: checking whether the C compiler (gcc -g -O2 ) is a cross-compiler
configure:1090: checking whether we are using GNU C
configure:1118: checking whether gcc accepts -g
configure:1151: checking whether gcc and cc understand -c and -o together
configure:1221: checking for gnatbind
configure:1286: checking for compiler driver that understands Ada
configure:1328: checking whether gcc accepts -Wno-long-long
configure:1342: gcc -c -Wno-long-long  conftest.c 1>&5
configure:1387: checking how to run the C preprocessor
configure:1467: checking for inline
configure:1507: checking for volatile
configure:1519: gcc -c -g -O2  conftest.c 1>&5
configure:1541: checking for long double
configure:1581: checking for long long int
configure:1593: gcc -c -g -O2  conftest.c 1>&5
configure:1613: checking for __int64
configure:1625: gcc -c -g -O2  conftest.c 1>&5
configure: In function 'main':
configure:1621: error: '__int64' undeclared (first use in this function)
configure:1621: error: (Each undeclared identifier is reported only once
configure:1621: error: for each function it appears in.)
configure:1621: error: expected ';' before 'i'
configure: failed program was:
#line 1618 "configure"
#include "confdefs.h"

int main() {
__int64 i;
; return 0; }
configure:1646: checking for built-in _Bool
configure:1658: gcc -c -g -O2  conftest.c 1>&5
configure:1682: checking size of short
configure:1698: gcc -c -g -O2  conftest.c 1>&5
configure: In function 'main':
configure:1694: error: duplicate case value
configure:1694: error: previously used here
configure: failed program was:
#line 1688 "configure"
#include "confdefs.h"
#include "confdefs.h"
#include <sys/types.h>


int main() {
switch (0) case 0: case (sizeof (short) == 4):;
; return 0; }
configure:1698: gcc -c -g -O2  conftest.c 1>&5
configure: In function 'main':
configure:1694: error: duplicate case value
configure:1694: error: previously used here
configure: failed program was:
#line 1688 "configure"
#include "confdefs.h"
#include "confdefs.h"
#include <sys/types.h>


int main() {
switch (0) case 0: case (sizeof (short) == 8):;
; return 0; }
configure:1698: gcc -c -g -O2  conftest.c 1>&5
configure: In function 'main':
configure:1694: error: duplicate case value
configure:1694: error: previously used here
configure: failed program was:
#line 1688 "configure"
#include "confdefs.h"
#include "confdefs.h"
#include <sys/types.h>


int main() {
switch (0) case 0: case (sizeof (short) == 1):;
; return 0; }
configure:1698: gcc -c -g -O2  conftest.c 1>&5
configure:1721: checking size of int
configure:1737: gcc -c -g -O2  conftest.c 1>&5
configure:1760: checking size of long
configure:1776: gcc -c -g -O2  conftest.c 1>&5
configure: In function 'main':
configure:1772: error: duplicate case value
configure:1772: error: previously used here
configure: failed program was:
#line 1766 "configure"
#include "confdefs.h"
#include "confdefs.h"
#include <sys/types.h>


int main() {
switch (0) case 0: case (sizeof (long) == 4):;
; return 0; }
configure:1776: gcc -c -g -O2  conftest.c 1>&5
configure:1800: checking size of long long
configure:1816: gcc -c -g -O2  conftest.c 1>&5
configure: In function 'main':
configure:1812: error: duplicate case value
configure:1812: error: previously used here
configure: failed program was:
#line 1806 "configure"
#include "confdefs.h"
#include "confdefs.h"
#include <sys/types.h>


int main() {
switch (0) case 0: case (sizeof (long long) == 4):;
; return 0; }
configure:1816: gcc -c -g -O2  conftest.c 1>&5
configure:1882: checking execution character set
configure:2272: checking whether make sets ${MAKE}
configure:2300: checking whether a default assembler was specified
configure:2312: checking whether a default linker was specified
configure:2324: checking for GNU C library
configure:2339: gcc -c -g -O2  conftest.c 1>&5
configure:2365: checking for mawk
configure:2365: checking for gawk
configure:2395: checking whether ln works
configure:2427: checking whether ln -s works
configure:2461: checking for ranlib
configure:2499: checking for a BSD compatible install
configure:2550: checking for ANSI C header files
configure:2654: checking whether time.h and sys/time.h may both be included
configure:2689: checking for working stdbool.h
configure:2701: gcc -c -g -O2  conftest.c 1>&5
configure:2722: checking whether string.h and strings.h may both be included
configure:2735: gcc -c -g -O2  conftest.c 1>&5
configure:2756: checking for sys/wait.h that is POSIX.1 compatible
configure:2804: checking for limits.h
configure:2804: checking for stddef.h
configure:2814: gcc -E  conftest.c >/dev/null 2>conftest.out
configure:2804: checking for string.h
configure:2804: checking for strings.h
configure:2804: checking for stdlib.h
configure:2804: checking for time.h
configure:2804: checking for fcntl.h
configure:2804: checking for unistd.h
configure:2804: checking for sys/file.h
configure:2804: checking for sys/time.h
configure:2804: checking for sys/mman.h
configure:2804: checking for sys/resource.h
configure:2804: checking for sys/param.h
configure:2804: checking for sys/times.h
configure:2814: gcc -E  conftest.c >/dev/null 2>conftest.out
configure:2804: checking for sys/stat.h
configure:2804: checking for direct.h
configure:2814: gcc -E  conftest.c >/dev/null 2>conftest.out
configure:2810:20: error: direct.h: No such file or directory
configure: failed program was:
#line 2809 "configure"
#include "confdefs.h"
#include <direct.h>
configure:2804: checking for malloc.h
configure:2804: checking for langinfo.h
configure:2814: gcc -E  conftest.c >/dev/null 2>conftest.out
configure:2844: checking for thread.h
configure:2854: gcc -E  conftest.c >/dev/null 2>conftest.out
configure:2850:20: error: thread.h: No such file or directory
configure: failed program was:
#line 2849 "configure"
#include "confdefs.h"
#include <thread.h>
configure:2878: checking for pthread.h
configure:2888: gcc -E  conftest.c >/dev/null 2>conftest.out
configure:2913: checking for CHAR_BIT
configure:2986: checking byte ordering
configure:3020: gcc -c -g -O2  conftest.c 1>&5
configure:3059: checking floating point format
configure:3094: gcc -c -g -O2  conftest.c 1>&5
configure:3183: checking for mktemp
configure:3222: checking for makeinfo
configure:3285: checking for recent Pod::Man
configure:3301: checking for flex
configure:3338: checking for bison
configure:3370: checking for collect2 libraries
configure:3392: gcc -o conftest -g -O2   conftest.c  1>&5
/tmp/cceHEUMt.o: In function `main':
/root/cs161/cs161-gcc-1.4/gcc/configure:3388: undefined reference to `ldopen'
collect2: ld returned 1 exit status
configure: failed program was:
#line 3381 "configure"
#include "confdefs.h"
/* Override any gcc2 internal prototype to avoid an error.  */
/* We use char because int might match the return type of a gcc2
    builtin and then its argument prototype would still apply.  */
char ldopen();

int main() {
ldopen()
; return 0; }
configure:3392: gcc -o conftest -g -O2   conftest.c -lld 1>&5
/usr/bin/ld: cannot find -lld
collect2: ld returned 1 exit status
configure: failed program was:
#line 3381 "configure"
#include "confdefs.h"
/* Override any gcc2 internal prototype to avoid an error.  */
/* We use char because int might match the return type of a gcc2
    builtin and then its argument prototype would still apply.  */
char ldopen();

int main() {
ldopen()
; return 0; }
configure:3392: gcc -o conftest -g -O2   conftest.c -lmld 1>&5
/usr/bin/ld: cannot find -lmld
collect2: ld returned 1 exit status
configure: failed program was:
#line 3381 "configure"
#include "confdefs.h"
/* Override any gcc2 internal prototype to avoid an error.  */
/* We use char because int might match the return type of a gcc2
    builtin and then its argument prototype would still apply.  */
char ldopen();

int main() {
ldopen()
; return 0; }
configure:3392: gcc -o conftest -g -O2   conftest.c -L/usr/lib/cmplrs/cc2.11 -lmld 1>&5
/usr/bin/ld: cannot find -lmld
collect2: ld returned 1 exit status
configure: failed program was:
#line 3381 "configure"
#include "confdefs.h"
/* Override any gcc2 internal prototype to avoid an error.  */
/* We use char because int might match the return type of a gcc2
    builtin and then its argument prototype would still apply.  */
char ldopen();

int main() {
ldopen()
; return 0; }
configure:3392: gcc -o conftest -g -O2   conftest.c -L/usr/lib/cmplrs/cc3.11 -lmld 1>&5
/usr/bin/ld: cannot find -lmld
collect2: ld returned 1 exit status
configure: failed program was:
#line 3381 "configure"
#include "confdefs.h"
/* Override any gcc2 internal prototype to avoid an error.  */
/* We use char because int might match the return type of a gcc2
    builtin and then its argument prototype would still apply.  */
char ldopen();

int main() {
ldopen()
; return 0; }
configure:3418: checking for library containing exc_resume
configure:3436: gcc -o conftest -g -O2   conftest.c  1>&5
/tmp/cc2FeOHB.o: In function `main':
/root/cs161/cs161-gcc-1.4/gcc/configure:3432: undefined reference to `exc_resume'
collect2: ld returned 1 exit status
configure: failed program was:
#line 3425 "configure"
#include "confdefs.h"
/* Override any gcc2 internal prototype to avoid an error.  */
/* We use char because int might match the return type of a gcc2
    builtin and then its argument prototype would still apply.  */
char exc_resume();

int main() {
exc_resume()
; return 0; }
configure:3458: gcc -o conftest -g -O2   conftest.c -lexc   1>&5
/usr/bin/ld: cannot find -lexc
collect2: ld returned 1 exit status
configure: failed program was:
#line 3447 "configure"
#include "confdefs.h"
/* Override any gcc2 internal prototype to avoid an error.  */
/* We use char because int might match the return type of a gcc2
    builtin and then its argument prototype would still apply.  */
char exc_resume();

int main() {
exc_resume()
; return 0; }
configure:3488: checking for library containing ldexp
configure:3506: gcc -o conftest -g -O2   conftest.c  1>&5
configure:3499: warning: conflicting types for built-in function 'ldexp'
configure:3557: checking for preprocessor stringizing operator
configure:3595: checking for inttypes.h
configure:3608: gcc -c -g -O2  conftest.c 1>&5
configure:3635: checking for times
configure:3635: checking for clock
configure:3635: checking for dup2
configure:3663: gcc -o conftest -g -O2   conftest.c  1>&5
configure:3635: checking for kill
configure:3663: gcc -o conftest -g -O2   conftest.c  1>&5
configure:3635: checking for getrlimit
configure:3663: gcc -o conftest -g -O2   conftest.c  1>&5
configure:3635: checking for setrlimit
configure:3663: gcc -o conftest -g -O2   conftest.c  1>&5
configure:3635: checking for atoll
configure:3663: gcc -o conftest -g -O2   conftest.c  1>&5
configure:3635: checking for atoq
configure:3663: gcc -o conftest -g -O2   conftest.c  1>&5
/tmp/ccfu8ifW.o: In function `main':
/root/cs161/cs161-gcc-1.4/gcc/configure:3657: undefined reference to `atoq'
collect2: ld returned 1 exit status
configure: failed program was:
#line 3640 "configure"
#include "confdefs.h"
/* System header to define __stub macros and hopefully few prototypes,
    which can conflict with char atoq(); below.  */
#include <assert.h>
/* Override any gcc2 internal prototype to avoid an error.  */
/* We use char because int might match the return type of a gcc2
    builtin and then its argument prototype would still apply.  */
char atoq();

int main() {

/* The GNU C library defines this for functions which it implements
    to always fail with ENOSYS.  Some functions are actually named
    something starting with __ and the normal name is an alias.  */
#if defined (__stub_atoq) || defined (__stub___atoq)
choke me
#else
atoq();
#endif

; return 0; }
configure:3635: checking for sysconf
configure:3635: checking for strsignal
configure:3635: checking for putc_unlocked
configure:3663: gcc -o conftest -g -O2   conftest.c  1>&5
configure:3647: warning: conflicting types for built-in function 'putc_unlocked'
configure:3635: checking for fputc_unlocked
configure:3663: gcc -o conftest -g -O2   conftest.c  1>&5
configure:3647: warning: conflicting types for built-in function 'fputc_unlocked'
configure:3635: checking for fputs_unlocked
configure:3663: gcc -o conftest -g -O2   conftest.c  1>&5
configure:3647: warning: conflicting types for built-in function 'fputs_unlocked'
configure:3635: checking for fwrite_unlocked
configure:3663: gcc -o conftest -g -O2   conftest.c  1>&5
configure:3647: warning: conflicting types for built-in function 'fwrite_unlocked'
configure:3635: checking for fprintf_unlocked
configure:3663: gcc -o conftest -g -O2   conftest.c  1>&5
configure:3647: warning: conflicting types for built-in function 'fprintf_unlocked'
/tmp/ccp1P9L8.o: In function `main':
/root/cs161/cs161-gcc-1.4/gcc/configure:3657: undefined reference to `fprintf_unlocked'
collect2: ld returned 1 exit status
configure: failed program was:
#line 3640 "configure"
#include "confdefs.h"
/* System header to define __stub macros and hopefully few prototypes,
    which can conflict with char fprintf_unlocked(); below.  */
#include <assert.h>
/* Override any gcc2 internal prototype to avoid an error.  */
/* We use char because int might match the return type of a gcc2
    builtin and then its argument prototype would still apply.  */
char fprintf_unlocked();

int main() {

/* The GNU C library defines this for functions which it implements
    to always fail with ENOSYS.  Some functions are actually named
    something starting with __ and the normal name is an alias.  */
#if defined (__stub_fprintf_unlocked) || defined (__stub___fprintf_unlocked)
choke me
#else
fprintf_unlocked();
#endif

; return 0; }
configure:3635: checking for getrusage
configure:3635: checking for nl_langinfo
configure:3663: gcc -o conftest -g -O2   conftest.c  1>&5
configure:3635: checking for lstat
configure:3663: gcc -o conftest -g -O2   conftest.c  1>&5
configure:3635: checking for scandir
configure:3663: gcc -o conftest -g -O2   conftest.c  1>&5
configure:3635: checking for alphasort
configure:3663: gcc -o conftest -g -O2   conftest.c  1>&5
configure:3635: checking for gettimeofday
configure:3635: checking for mmap
configure:3663: gcc -o conftest -g -O2   conftest.c  1>&5
configure:3689: checking for ssize_t
configure:3725: checking for uid_t in sys/types.h
configure:3759: checking type of array argument to getgroups
configure:3792: gcc -o conftest -g -O2   conftest.c  1>&5
configure: In function 'main':
configure:3787: warning: incompatible implicit declaration of built-in function 'exit'
configure:3847: checking whether the printf functions support %p
configure:3868: gcc -o conftest -g -O2   conftest.c  1>&5
configure:3898: checking whether read-only mmap of a plain file works
configure:3917: checking whether mmap from /dev/zero works
configure:3943: checking for MAP_ANON(YMOUS)
configure:3962: gcc -c -g -O2  conftest.c 1>&5
configure:3980: checking whether mmap with MAP_ANON(YMOUS) works
configure:4035: checking for pid_t
configure:4069: checking for vfork.h
configure:4104: checking for working vfork
configure:4294: checking for iconv
configure:4312: gcc -o conftest -g -O2   conftest.c  1>&5
configure:4355: checking for iconv declaration
configure:4380: gcc -c -g -O2  conftest.c 1>&5
configure:4418: checking whether getenv is declared
configure:4437: gcc -c -g -O2 -I/root/cs161/cs161-gcc-1.4/./gcc-3.3.2+cs161/gcc -I/root/cs161/cs161-gcc-1.4/./gcc-3.3.2+cs161/gcc/../include  conftest.c 1>&5
configure:4418: checking whether atol is declared
configure:4437: gcc -c -g -O2 -I/root/cs161/cs161-gcc-1.4/./gcc-3.3.2+cs161/gcc -I/root/cs161/cs161-gcc-1.4/./gcc-3.3.2+cs161/gcc/../include  conftest.c 1>&5
configure:4418: checking whether sbrk is declared
configure:4437: gcc -c -g -O2 -I/root/cs161/cs161-gcc-1.4/./gcc-3.3.2+cs161/gcc -I/root/cs161/cs161-gcc-1.4/./gcc-3.3.2+cs161/gcc/../include  conftest.c 1>&5
configure:4418: checking whether abort is declared
configure:4437: gcc -c -g -O2 -I/root/cs161/cs161-gcc-1.4/./gcc-3.3.2+cs161/gcc -I/root/cs161/cs161-gcc-1.4/./gcc-3.3.2+cs161/gcc/../include  conftest.c 1>&5
configure:4418: checking whether atof is declared
configure:4437: gcc -c -g -O2 -I/root/cs161/cs161-gcc-1.4/./gcc-3.3.2+cs161/gcc -I/root/cs161/cs161-gcc-1.4/./gcc-3.3.2+cs161/gcc/../include  conftest.c 1>&5
configure:4418: checking whether getcwd is declared
configure:4437: gcc -c -g -O2 -I/root/cs161/cs161-gcc-1.4/./gcc-3.3.2+cs161/gcc -I/root/cs161/cs161-gcc-1.4/./gcc-3.3.2+cs161/gcc/../include  conftest.c 1>&5
configure:4418: checking whether getwd is declared
configure:4437: gcc -c -g -O2 -I/root/cs161/cs161-gcc-1.4/./gcc-3.3.2+cs161/gcc -I/root/cs161/cs161-gcc-1.4/./gcc-3.3.2+cs161/gcc/../include  conftest.c 1>&5
configure: In function 'main':
configure:4432: warning: 'getwd' is deprecated (declared at /usr/include/unistd.h:522)
configure:4418: checking whether strsignal is declared
configure:4437: gcc -c -g -O2 -I/root/cs161/cs161-gcc-1.4/./gcc-3.3.2+cs161/gcc -I/root/cs161/cs161-gcc-1.4/./gcc-3.3.2+cs161/gcc/../include  conftest.c 1>&5
configure:4418: checking whether putc_unlocked is declared
configure:4437: gcc -c -g -O2 -I/root/cs161/cs161-gcc-1.4/./gcc-3.3.2+cs161/gcc -I/root/cs161/cs161-gcc-1.4/./gcc-3.3.2+cs161/gcc/../include  conftest.c 1>&5
configure:4418: checking whether fputs_unlocked is declared
configure:4437: gcc -c -g -O2 -I/root/cs161/cs161-gcc-1.4/./gcc-3.3.2+cs161/gcc -I/root/cs161/cs161-gcc-1.4/./gcc-3.3.2+cs161/gcc/../include  conftest.c 1>&5
configure:4418: checking whether fwrite_unlocked is declared
configure:4437: gcc -c -g -O2 -I/root/cs161/cs161-gcc-1.4/./gcc-3.3.2+cs161/gcc -I/root/cs161/cs161-gcc-1.4/./gcc-3.3.2+cs161/gcc/../include  conftest.c 1>&5
configure:4418: checking whether fprintf_unlocked is declared
configure:4437: gcc -c -g -O2 -I/root/cs161/cs161-gcc-1.4/./gcc-3.3.2+cs161/gcc -I/root/cs161/cs161-gcc-1.4/./gcc-3.3.2+cs161/gcc/../include  conftest.c 1>&5
configure: In function 'main':
configure:4432: error: 'fprintf_unlocked' undeclared (first use in this function)
configure:4432: error: (Each undeclared identifier is reported only once
configure:4432: error: for each function it appears in.)
configure: failed program was:
#line 4423 "configure"
#include "confdefs.h"
#undef HAVE_DECL_FPRINTF_UNLOCKED
#define HAVE_DECL_FPRINTF_UNLOCKED 1
  
#include "ansidecl.h"
#include "system.h"

int main() {
#ifndef fprintf_unlocked
char *(*pfn) = (char *(*)) fprintf_unlocked ;
#endif
; return 0; }
configure:4418: checking whether strstr is declared
configure:4437: gcc -c -g -O2 -I/root/cs161/cs161-gcc-1.4/./gcc-3.3.2+cs161/gcc -I/root/cs161/cs161-gcc-1.4/./gcc-3.3.2+cs161/gcc/../include  conftest.c 1>&5
configure:4418: checking whether errno is declared
configure:4437: gcc -c -g -O2 -I/root/cs161/cs161-gcc-1.4/./gcc-3.3.2+cs161/gcc -I/root/cs161/cs161-gcc-1.4/./gcc-3.3.2+cs161/gcc/../include  conftest.c 1>&5
configure:4418: checking whether vasprintf is declared
configure:4437: gcc -c -g -O2 -I/root/cs161/cs161-gcc-1.4/./gcc-3.3.2+cs161/gcc -I/root/cs161/cs161-gcc-1.4/./gcc-3.3.2+cs161/gcc/../include  conftest.c 1>&5
configure:4418: checking whether malloc is declared
configure:4437: gcc -c -g -O2 -I/root/cs161/cs161-gcc-1.4/./gcc-3.3.2+cs161/gcc -I/root/cs161/cs161-gcc-1.4/./gcc-3.3.2+cs161/gcc/../include  conftest.c 1>&5
configure:4418: checking whether realloc is declared
configure:4437: gcc -c -g -O2 -I/root/cs161/cs161-gcc-1.4/./gcc-3.3.2+cs161/gcc -I/root/cs161/cs161-gcc-1.4/./gcc-3.3.2+cs161/gcc/../include  conftest.c 1>&5
configure:4418: checking whether calloc is declared
configure:4437: gcc -c -g -O2 -I/root/cs161/cs161-gcc-1.4/./gcc-3.3.2+cs161/gcc -I/root/cs161/cs161-gcc-1.4/./gcc-3.3.2+cs161/gcc/../include  conftest.c 1>&5
configure:4418: checking whether free is declared
configure:4437: gcc -c -g -O2 -I/root/cs161/cs161-gcc-1.4/./gcc-3.3.2+cs161/gcc -I/root/cs161/cs161-gcc-1.4/./gcc-3.3.2+cs161/gcc/../include  conftest.c 1>&5
configure:4418: checking whether basename is declared
configure:4437: gcc -c -g -O2 -I/root/cs161/cs161-gcc-1.4/./gcc-3.3.2+cs161/gcc -I/root/cs161/cs161-gcc-1.4/./gcc-3.3.2+cs161/gcc/../include  conftest.c 1>&5
configure:4418: checking whether getopt is declared
configure:4437: gcc -c -g -O2 -I/root/cs161/cs161-gcc-1.4/./gcc-3.3.2+cs161/gcc -I/root/cs161/cs161-gcc-1.4/./gcc-3.3.2+cs161/gcc/../include  conftest.c 1>&5
configure: In function 'main':
configure:4432: error: 'getopt' undeclared (first use in this function)
configure:4432: error: (Each undeclared identifier is reported only once
configure:4432: error: for each function it appears in.)
configure: failed program was:
#line 4423 "configure"
#include "confdefs.h"
#undef HAVE_DECL_GETOPT
#define HAVE_DECL_GETOPT 1
  
#include "ansidecl.h"
#include "system.h"

int main() {
#ifndef getopt
char *(*pfn) = (char *(*)) getopt ;
#endif
; return 0; }
configure:4418: checking whether clock is declared
configure:4437: gcc -c -g -O2 -I/root/cs161/cs161-gcc-1.4/./gcc-3.3.2+cs161/gcc -I/root/cs161/cs161-gcc-1.4/./gcc-3.3.2+cs161/gcc/../include  conftest.c 1>&5
configure:4539: checking whether getrlimit is declared
configure:4562: gcc -c -g -O2 -I/root/cs161/cs161-gcc-1.4/./gcc-3.3.2+cs161/gcc -I/root/cs161/cs161-gcc-1.4/./gcc-3.3.2+cs161/gcc/../include  conftest.c 1>&5
configure:4539: checking whether setrlimit is declared
configure:4562: gcc -c -g -O2 -I/root/cs161/cs161-gcc-1.4/./gcc-3.3.2+cs161/gcc -I/root/cs161/cs161-gcc-1.4/./gcc-3.3.2+cs161/gcc/../include  conftest.c 1>&5
configure:4539: checking whether getrusage is declared
configure:4562: gcc -c -g -O2 -I/root/cs161/cs161-gcc-1.4/./gcc-3.3.2+cs161/gcc -I/root/cs161/cs161-gcc-1.4/./gcc-3.3.2+cs161/gcc/../include  conftest.c 1>&5
configure:4614: gcc -c -g -O2 -I/root/cs161/cs161-gcc-1.4/./gcc-3.3.2+cs161/gcc -I/root/cs161/cs161-gcc-1.4/./gcc-3.3.2+cs161/gcc/../include  conftest.c 1>&5
configure:4631: checking whether times is declared
configure:4654: gcc -c -g -O2 -I/root/cs161/cs161-gcc-1.4/./gcc-3.3.2+cs161/gcc -I/root/cs161/cs161-gcc-1.4/./gcc-3.3.2+cs161/gcc/../include  conftest.c 1>&5
configure:4688: checking for struct tms
configure:4707: gcc -c -g -O2 -I/root/cs161/cs161-gcc-1.4/./gcc-3.3.2+cs161/gcc -I/root/cs161/cs161-gcc-1.4/./gcc-3.3.2+cs161/gcc/../include  conftest.c 1>&5
configure:4730: checking for clock_t
configure:4746: gcc -c -g -O2 -I/root/cs161/cs161-gcc-1.4/./gcc-3.3.2+cs161/gcc -I/root/cs161/cs161-gcc-1.4/./gcc-3.3.2+cs161/gcc/../include  conftest.c 1>&5
configure:4772: checking for .preinit_array/.init_array/.fini_array support
configure:4782: gcc -o conftest conftest.c 1>&AS_MESSAGE_LOG_FD
configure:4811: checking if mkdir takes one argument
configure:4833: gcc -c -g -O2  conftest.c 1>&5
configure:4873: checking for main in -lunwind
configure:4888: gcc -o conftest -g -O2   conftest.c -lunwind   1>&5
/usr/bin/ld: cannot find -lunwind
collect2: ld returned 1 exit status
configure: failed program was:
#line 4881 "configure"
#include "confdefs.h"

int main() {
main()
; return 0; }
configure:5166: checking for library containing strerror
configure:5184: gcc -o conftest -g -O2   conftest.c  1>&5
configure:5229: checking for working const
configure:5304: checking for off_t
configure:5337: checking for size_t
configure:5372: checking for working alloca.h
configure:5405: checking for alloca
configure:5438: gcc -o conftest -g -O2   conftest.c  1>&5
configure:5605: checking whether we are using the GNU C Library 2.1 or newer
configure:5646: checking for argz.h
configure:5656: gcc -E  conftest.c >/dev/null 2>conftest.out
configure:5646: checking for limits.h
configure:5646: checking for locale.h
configure:5656: gcc -E  conftest.c >/dev/null 2>conftest.out
configure:5646: checking for nl_types.h
configure:5656: gcc -E  conftest.c >/dev/null 2>conftest.out
configure:5646: checking for malloc.h
configure:5646: checking for stddef.h
configure:5646: checking for stdlib.h
configure:5646: checking for string.h
configure:5646: checking for unistd.h
configure:5646: checking for sys/param.h
configure:5687: checking for feof_unlocked
configure:5715: gcc -o conftest -g -O2   conftest.c  1>&5
configure:5687: checking for fgets_unlocked
configure:5715: gcc -o conftest -g -O2   conftest.c  1>&5
configure:5687: checking for getcwd
configure:5687: checking for getegid
configure:5715: gcc -o conftest -g -O2   conftest.c  1>&5
configure:5687: checking for geteuid
configure:5715: gcc -o conftest -g -O2   conftest.c  1>&5
configure:5687: checking for getgid
configure:5715: gcc -o conftest -g -O2   conftest.c  1>&5
configure:5687: checking for getuid
configure:5715: gcc -o conftest -g -O2   conftest.c  1>&5
configure:5687: checking for mempcpy
configure:5715: gcc -o conftest -g -O2   conftest.c  1>&5
configure:5699: warning: conflicting types for built-in function 'mempcpy'
configure:5687: checking for munmap
configure:5715: gcc -o conftest -g -O2   conftest.c  1>&5
configure:5687: checking for putenv
configure:5687: checking for setenv
configure:5687: checking for setlocale
configure:5715: gcc -o conftest -g -O2   conftest.c  1>&5
configure:5687: checking for stpcpy
configure:5715: gcc -o conftest -g -O2   conftest.c  1>&5
configure:5699: warning: conflicting types for built-in function 'stpcpy'
configure:5687: checking for strchr
configure:5687: checking for strcasecmp
configure:5687: checking for strdup
configure:5687: checking for strtoul
configure:5687: checking for tsearch
configure:5715: gcc -o conftest -g -O2   conftest.c  1>&5
configure:5687: checking for __argz_count
configure:5715: gcc -o conftest -g -O2   conftest.c  1>&5
configure:5687: checking for __argz_stringify
configure:5715: gcc -o conftest -g -O2   conftest.c  1>&5
configure:5687: checking for __argz_next
configure:5715: gcc -o conftest -g -O2   conftest.c  1>&5
configure:5756: checking for iconv
configure:5817: checking for iconv declaration
configure:5871: checking for nl_langinfo and CODESET
configure:5883: gcc -o conftest -g -O2   conftest.c  1>&5
configure:5906: checking for LC_MESSAGES
configure:5918: gcc -o conftest -g -O2   conftest.c  1>&5
configure:5939: checking whether NLS is requested
configure:5962: checking whether included gettext is requested
configure:5982: checking for libintl.h
configure:5992: gcc -E  conftest.c >/dev/null 2>conftest.out
configure:6013: checking for GNU gettext in libc
configure:6027: gcc -o conftest -g -O2   conftest.c  1>&5
configure: In function 'main':
configure:6023: warning: cast from pointer to integer of different size
configure:6092: checking for dcgettext
configure:6120: gcc -o conftest -g -O2   conftest.c   1>&5
configure:6104: warning: conflicting types for built-in function 'dcgettext'
configure:6149: checking for msgfmt
configure:6183: checking for gmsgfmt
configure:6220: checking for xgettext
configure:6412: checking for bison
configure:6490: checking for catalogs to be installed
configure:6853: checking what assembler to use
configure:6947: checking what linker to use
configure:7040: checking what nm to use
configure:7052: checking what objdump to use
configure:7064: checking assembler alignment features
configure:7112: checking assembler subsection support
configure:7152: checking assembler weak support
configure:7175: checking assembler hidden support
configure:7241: checking assembler leb128 support
configure:7286: checking assembler eh_frame optimization
configure:7367: checking assembler section merging support
configure:7390: checking assembler thread-local storage support
configure:7862: checking assembler dwarf2 debug_line support
configure:7919: checking assembler --gdwarf2 support
configure:7948: checking assembler --gstabs support
configure:7983: checking linker read-only and read-write section mixing
configure:8021: checking linker PT_GNU_EH_FRAME support
configure:8045: checking whether libgloss uses STARTUP directives consistently
configure:8249: checking whether to enable maintainer-specific portions of Makefiles
