This file contains any messages produced by compilers while
running configure, to aid debugging if configure makes a mistake.

configure:561: checking for Cygwin environment
configure:594: checking for mingw32 environment
configure:671: checking host system type
configure:692: checking target system type
configure:710: checking build system type
configure:734: checking for strerror in -lcposix
configure:789: checking for a BSD compatible install
configure:842: checking whether build environment is sane
configure:899: checking whether make sets ${MAKE}
configure:945: checking for working aclocal
configure:958: checking for working autoconf
configure:971: checking for working automake
configure:984: checking for working autoheader
configure:997: checking for working makeinfo
configure:1083: checking for gcc
configure:1196: checking whether the C compiler (gcc -g -O2 ) works
configure:1212: gcc -o conftest -g -O2   conftest.c  1>&5
configure:1238: checking whether the C compiler (gcc -g -O2 ) is a cross-compiler
configure:1243: checking whether we are using GNU C
configure:1271: checking whether gcc accepts -g
configure:1314: checking for ld used by GCC
configure:1382: checking if the linker (ld) is GNU ld
configure:1399: checking for ld option to reload object files
configure:1411: checking for BSD-compatible nm
configure:1449: checking whether ln -s works
configure:1470: checking how to recognise dependant libraries
configure:1643: checking for object suffix
configure:1669: checking for executable suffix
configure:1712: checking for file
configure:1845: checking for ranlib
configure:1912: checking for strip
ltconfig:678:checking for gcc option to produce PIC
ltconfig:687:checking that gcc PIC flag  -fPIC -DPIC works.
ltconfig:749: checking if gcc static flag  works
ltconfig:780: finding the maximum length of command line arguments
ltconfig:@lineno@: result: 49153
ltconfig:887: checking if gcc supports -fno-rtti -fno-exceptions
ltconfig:888: gcc -c -g -O2 -fno-rtti -fno-exceptions -c conftest.c  conftest.c 1>&5
ltconfig:1431: checking if global_symbol_pipe works
ltconfig:1432: gcc -c -g -O2  conftest.c 1>&5
ltconfig:1435: eval "nm conftest.o | sed -n -e 's/^.*[ 	]\([ABCDGISTW][ABCDGISTW]*\)[ 	][ 	]*\(\)\([_A-Za-z][_A-Za-z0-9]*\)$/\1 \2\3 \3/p' > conftest.nm"
ltconfig:1487: gcc -o conftest -g -O2 -fno-builtin   conftest.c conftstm.o 1>&5
configure:2256: checking for gcc
configure:2369: checking whether the C compiler (gcc -g -O2 ) works
configure:2385: gcc -o conftest -g -O2   conftest.c  1>&5
configure:2411: checking whether the C compiler (gcc -g -O2 ) is a cross-compiler
configure:2416: checking whether we are using GNU C
configure:2444: checking whether gcc accepts -g
configure:2481: checking for bison
configure:2481: checking for byacc
configure:2512: checking how to run the C preprocessor
configure:2597: checking for flex
configure:2630: checking for flex
configure:2664: checking for yywrap in -ll
configure:2706: checking lex output file root
configure:2727: checking whether yytext is a pointer
configure:2772: checking for ranlib
configure:2800: checking for ANSI C header files
configure:2904: checking for working const
configure:2979: checking for inline
configure:3019: checking for off_t
configure:3052: checking for size_t
configure:3087: checking for working alloca.h
configure:3120: checking for alloca
configure:3322: checking for unistd.h
configure:3361: checking for getpagesize
configure:3414: checking for working mmap
configure:3590: checking for argz.h
configure:3590: checking for limits.h
configure:3590: checking for locale.h
configure:3590: checking for nl_types.h
configure:3590: checking for malloc.h
configure:3590: checking for string.h
configure:3590: checking for unistd.h
configure:3590: checking for values.h
configure:3590: checking for sys/param.h
configure:3630: checking for getcwd
configure:3630: checking for munmap
configure:3630: checking for putenv
configure:3630: checking for setenv
configure:3630: checking for setlocale
configure:3630: checking for strchr
configure:3630: checking for strcasecmp
configure:3630: checking for __argz_count
configure:3630: checking for __argz_stringify
configure:3630: checking for __argz_next
configure:3749: checking for LC_MESSAGES
configure:3782: checking whether NLS is requested
configure:3802: checking whether included gettext is requested
configure:3821: checking for libintl.h
configure:3848: checking for gettext in libc
configure:3951: checking for msgfmt
configure:3985: checking for dcgettext
configure:4040: checking for gmsgfmt
configure:4076: checking for xgettext
configure:4116: gcc -o conftest -g -O2   conftest.c  1>&5
configure:4308: checking for catalogs to be installed
configure:4409: checking whether to enable maintainer-specific portions of Makefiles
configure:4434: checking for executable suffix
configure:4487: checking for ranlib
configure:4526: checking for a BSD compatible install
configure:4628: checking for string.h
configure:4628: checking for strings.h
configure:4628: checking for stdlib.h
configure:4628: checking for unistd.h
configure:4628: checking for fcntl.h
configure:4628: checking for sys/file.h
configure:4665: checking for sys/wait.h that is POSIX.1 compatible
configure:4709: checking for working alloca.h
configure:4742: checking for alloca
configure:4943: checking for sbrk
configure:4943: checking for utimes
configure:4943: checking for setmode
configure:4943: checking for getc_unlocked
configure:4943: checking for strcoll
configure:4999: checking for fopen64
configure:5060: checking for library containing frexp
configure:5122: checking for time_t in time.h
configure:5155: checking for time_t in sys/types.h
configure:5190: checking for utime.h
configure:5227: checking whether fprintf must be declared
configure:5274: checking whether strstr must be declared
configure:5321: checking whether sbrk must be declared
configure:5368: checking whether getenv must be declared
configure:5415: checking whether environ must be declared
