This file contains any messages produced by compilers while
running configure, to aid debugging if configure makes a mistake.

configure:610: checking whether to enable maintainer-specific portions of Makefiles
configure:635: checking for makeinfo
configure:681: checking for perl
configure:721: checking host system type
configure:744: checking build system type
configure:770: checking for ar
configure:802: checking for ranlib
configure:871: checking for gcc
configure:950: checking whether we are using GNU C
configure:975: checking whether gcc accepts -g
configure:1007: checking whether gcc and cc understand -c and -o together
configure:1067: checking for POSIXized ISC
configure:1088: checking for working const
configure:1163: checking for inline
configure:1220: checking for a BSD compatible install
configure:1281: checking how to run the C preprocessor
configure:1364: checking for sys/file.h
configure:1364: checking for sys/param.h
configure:1364: checking for limits.h
configure:1364: checking for stdlib.h
configure:1364: checking for string.h
configure:1364: checking for unistd.h
configure:1364: checking for strings.h
configure:1364: checking for sys/time.h
configure:1364: checking for time.h
configure:1364: checking for sys/resource.h
configure:1364: checking for sys/stat.h
configure:1364: checking for sys/mman.h
configure:1364: checking for fcntl.h
configure:1364: checking for alloca.h
configure:1364: checking for sys/pstat.h
configure:1364: checking for sys/sysmp.h
configure:1364: checking for sys/sysinfo.h
configure:1364: checking for machine/hal_sysinfo.h
configure:1364: checking for sys/table.h
configure:1364: checking for sys/sysctl.h
configure:1364: checking for sys/systemcfg.h
configure:1401: checking for sys/wait.h that is POSIX.1 compatible
configure:1443: checking whether time.h and sys/time.h may both be included
configure:1479: checking whether errno must be declared
configure:1513: checking for ANSI C header files
configure:1617: checking for uintptr_t
configure:1658: checking for pid_t
configure:2457: checking whether the C compiler (gcc -g -O2 ) works
configure:2473: gcc -o conftest -g -O2   conftest.c  1>&5
configure:2499: checking whether the C compiler (gcc -g -O2 ) is a cross-compiler
configure:2506: checking for asprintf
configure:2506: checking for atexit
configure:2506: checking for basename
configure:2506: checking for bcmp
configure:2506: checking for bcopy
configure:2506: checking for bsearch
configure:2506: checking for bzero
configure:2506: checking for calloc
configure:2506: checking for clock
configure:2506: checking for ffs
configure:2506: checking for getcwd
configure:2506: checking for getpagesize
configure:2506: checking for index
configure:2506: checking for insque
configure:2506: checking for memchr
configure:2506: checking for memcmp
configure:2506: checking for memcpy
configure:2506: checking for memmove
configure:2506: checking for mempcpy
configure:2506: checking for memset
configure:2506: checking for mkstemps
configure:2506: checking for putenv
configure:2506: checking for random
configure:2506: checking for rename
configure:2506: checking for rindex
configure:2506: checking for setenv
configure:2506: checking for snprintf
configure:2506: checking for sigsetmask
configure:2506: checking for stpcpy
configure:2506: checking for stpncpy
configure:2506: checking for strcasecmp
configure:2506: checking for strchr
configure:2506: checking for strdup
configure:2506: checking for strncasecmp
configure:2506: checking for strrchr
configure:2506: checking for strstr
configure:2506: checking for strtod
configure:2506: checking for strtol
configure:2506: checking for strtoul
configure:2506: checking for tmpnam
configure:2506: checking for vasprintf
configure:2506: checking for vfprintf
configure:2506: checking for vprintf
configure:2506: checking for vsnprintf
configure:2506: checking for vsprintf
configure:2506: checking for waitpid
configure:2561: checking whether alloca needs Cray hooks
configure:2645: checking stack direction for C alloca
configure:2694: checking for vfork.h
configure:2729: checking for working vfork
configure:2970: checking for _doprnt
configure:3026: checking for sys_errlist
configure:3026: checking for sys_nerr
configure:3026: checking for sys_siglist
configure:3026: checking for _system_configuration
configure:3064: checking for getrusage
configure:3064: checking for on_exit
configure:3064: checking for psignal
configure:3064: checking for strerror
configure:3064: checking for strsignal
configure:3064: checking for sysconf
configure:3064: checking for times
configure:3064: checking for sbrk
configure:3064: checking for gettimeofday
configure:3064: checking for realpath
configure:3064: checking for canonicalize_file_name
configure:3064: checking for pstat_getstatic
configure:3064: checking for pstat_getdynamic
configure:3064: checking for sysmp
configure:3064: checking for getsysinfo
configure:3064: checking for table
configure:3064: checking for sysctl
configure:3117: checking whether canonicalize_file_name must be declared
configure:3180: checking for unistd.h
configure:3219: checking for getpagesize
configure:3272: checking for working mmap
configure:3444: checking for working strncmp
