This file contains any messages produced by compilers while
running configure, to aid debugging if configure makes a mistake.

configure:695: checking for a BSD compatible install
configure:750: checking for gcc
configure:863: checking whether the C compiler (gcc -g -O2 ) works
configure:879: gcc -o conftest -g -O2   conftest.c  1>&5
configure:905: checking whether the C compiler (gcc -g -O2 ) is a cross-compiler
configure:910: checking whether we are using GNU C
configure:938: checking whether gcc accepts -g
configure:1020: checking compiler warning flags
configure:1037: gcc -c -g -O2 -Wimplicit  conftest.c 1>&5
configure:1037: gcc -c -g -O2 -Wreturn-type  conftest.c 1>&5
configure:1037: gcc -c -g -O2 -Wcomment  conftest.c 1>&5
configure:1037: gcc -c -g -O2 -Wtrigraphs  conftest.c 1>&5
configure:1037: gcc -c -g -O2 -Wformat  conftest.c 1>&5
configure:1037: gcc -c -g -O2 -Wparentheses  conftest.c 1>&5
configure:1037: gcc -c -g -O2 -Wpointer-arith  conftest.c 1>&5
configure:1037: gcc -c -g -O2 -Wuninitialized  conftest.c 1>&5
configure:1117: checking host system type
configure:1138: checking target system type
configure:1156: checking build system type
configure:1203: checking how to run the C preprocessor
configure:1286: checking for stdlib.h
configure:1286: checking for string.h
configure:1286: checking for strings.h
configure:1286: checking for sys/stat.h
configure:1286: checking for sys/types.h
configure:1286: checking for unistd.h
configure:1327: checking for dirent.h that defines DIR
configure:1365: checking for opendir in -ldir
configure:1460: checking for ranlib
