This file contains any messages produced by compilers while
running configure, to aid debugging if configure makes a mistake.

It was created by readline configure 4.3, which was
generated by GNU Autoconf 2.57.  Invocation command line was

  $ /root/cs161/cs161-gdb-1.4/gdb-6.0+cs161/readline/configure --cache-file=.././config.cache --build=x86_64-unknown-linux-gnu --host=x86_64-unknown-linux-gnu --target=mips-elf --with-stabs --prefix=/root/cs161/tools --srcdir=/root/cs161/cs161-gdb-1.4/./gdb-6.0+cs161/readline

## --------- ##
## Platform. ##
## --------- ##

hostname = localhost.localdomain
uname -m = x86_64
uname -r = 2.6.32-431.el6.x86_64
uname -s = Linux
uname -v = #1 SMP Fri Nov 22 03:15:09 UTC 2013

/usr/bin/uname -p = unknown
/bin/uname -X     = unknown

/bin/arch              = x86_64
/usr/bin/arch -k       = unknown
/usr/convex/getsysinfo = unknown
hostinfo               = unknown
/bin/machine           = unknown
/usr/bin/oslevel       = unknown
/bin/universe          = unknown

PATH: /usr/lib64/qt-3.3/bin
PATH: /usr/local/bin
PATH: /bin
PATH: /usr/bin
PATH: /usr/local/sbin
PATH: /usr/sbin
PATH: /sbin
PATH: /home/phillip/bin
PATH: /root/cs161/tools/bin


## ----------- ##
## Core tests. ##
## ----------- ##

configure:1189: loading cache .././config.cache
configure:1325: checking build system type
configure:1343: result: x86_64-unknown-linux-gnu
configure:1351: checking host system type
configure:1365: result: x86_64-unknown-linux-gnu
configure:1403: checking whether make sets $(MAKE)
configure:1423: result: yes
configure:1440: checking for x86_64-unknown-linux-gnu-gcc
configure:1466: result: gcc
configure:1748: checking for C compiler version
configure:1751: gcc --version </dev/null >&5
gcc (GCC) 4.4.7 20120313 (Red Hat 4.4.7-4)
Copyright (C) 2010 Free Software Foundation, Inc.
This is free software; see the source for copying conditions.  There is NO
warranty; not even for MERCHANTABILITY or FITNESS FOR A PARTICULAR PURPOSE.

configure:1754: $? = 0
configure:1756: gcc -v </dev/null >&5
Using built-in specs.
Target: x86_64-redhat-linux
Configured with: ../configure --prefix=/usr --mandir=/usr/share/man --infodir=/usr/share/info --with-bugurl=http://bugzilla.redhat.com/bugzilla --enable-bootstrap --enable-shared --enable-threads=posix --enable-checking=release --with-system-zlib --enable-__cxa_atexit --disable-libunwind-exceptions --enable-gnu-unique-object --enable-languages=c,c++,objc,obj-c++,java,fortran,ada --enable-java-awt=gtk --disable-dssi --with-java-home=/usr/lib/jvm/java-1.5.0-gcj-1.5.0.0/jre --enable-libgcj-multifile --enable-java-maintainer-mode --with-ecj-jar=/usr/share/java/eclipse-ecj.jar --disable-libjava-multilib --with-ppl --with-cloog --with-tune=generic --with-arch_32=i686 --build=x86_64-redhat-linux
Thread model: posix
gcc version 4.4.7 20120313 (Red Hat 4.4.7-4) (GCC) 
configure:1759: $? = 0
configure:1761: gcc -V </dev/null >&5
gcc: '-V' option must have argument
configure:1764: $? = 1
configure:1788: checking for C compiler default output
configure:1791: gcc -g -O2   conftest.c  >&5
configure:1794: $? = 0
configure:1840: result: a.out
configure:1845: checking whether the C compiler works
configure:1851: ./a.out
configure:1854: $? = 0
configure:1871: result: yes
configure:1878: checking whether we are cross compiling
configure:1880: result: no
configure:1883: checking for suffix of executables
configure:1885: gcc -o conftest -g -O2   conftest.c  >&5
configure:1888: $? = 0
configure:1913: result: 
configure:1919: checking for suffix of object files
configure:1966: result: o
configure:1970: checking whether we are using the GNU C compiler
configure:2017: result: yes
configure:2023: checking whether gcc accepts -g
configure:2065: result: yes
configure:2082: checking for gcc option to accept ANSI C
configure:2170: result: none needed
configure:2188: gcc -c -g -O2  conftest.c >&5
conftest.c:2: error: expected '=', ',', ';', 'asm' or '__attribute__' before 'me'
configure:2191: $? = 1
configure: failed program was:
| #ifndef __cplusplus
|   choke me
| #endif
configure:2306: checking how to run the C preprocessor
configure:2424: result: gcc -E
configure:2449: gcc -E  conftest.c
configure:2455: $? = 0
configure:2487: gcc -E  conftest.c
configure:2486:28: error: ac_nonexistent.h: No such file or directory
configure:2493: $? = 1
configure: failed program was:
| #line 2478 "configure"
| /* confdefs.h.  */
| 
| #define PACKAGE_NAME "readline"
| #define PACKAGE_TARNAME "readline"
| #define PACKAGE_VERSION "4.3"
| #define PACKAGE_STRING "readline 4.3"
| #define PACKAGE_BUGREPORT "bug-readline@gnu.org"
| /* end confdefs.h.  */
| #include <ac_nonexistent.h>
configure:2536: checking for egrep
configure:2546: result: grep -E
configure:2551: checking for ANSI C header files
configure:2701: result: yes
configure:2725: checking for sys/types.h
configure:2762: result: yes
configure:2725: checking for sys/stat.h
configure:2762: result: yes
configure:2725: checking for stdlib.h
configure:2762: result: yes
configure:2725: checking for string.h
configure:2762: result: yes
configure:2725: checking for memory.h
configure:2762: result: yes
configure:2725: checking for strings.h
configure:2762: result: yes
configure:2725: checking for inttypes.h
configure:2762: result: yes
configure:2725: checking for stdint.h
configure:2762: result: yes
configure:2725: checking for unistd.h
configure:2762: result: yes
configure:2775: checking for minix/config.h
configure:2780: result: no
configure:2967: checking whether gcc needs -traditional
configure:3011: result: no
configure:3030: checking for a BSD-compatible install
configure:3084: result: /usr/bin/install -c
configure:3097: checking for ar
configure:3124: result: ar
configure:3135: checking for x86_64-unknown-linux-gnu-ranlib
configure:3161: result: ranlib
configure:3216: checking for an ANSI C-conforming const
configure:3304: result: yes
configure:3314: checking for function prototypes
configure:3317: result: yes
configure:3335: checking whether char is unsigned
configure:3379: result: no
configure:3389: checking return type of signal handlers
configure:3441: result: void
configure:3450: checking for size_t
configure:3495: result: yes
configure:3507: checking for ssize_t
configure:3552: result: yes
configure:3565: checking whether stat file-mode macros are broken
configure:3614: result: no
configure:3632: checking for dirent.h that defines DIR
configure:3677: result: yes
configure:3690: checking for library containing opendir
configure:3789: result: none required
configure:3922: checking for lstat
configure:3992: result: yes
configure:3922: checking for memmove
configure:3992: result: yes
configure:3922: checking for putenv
configure:3992: result: yes
configure:3922: checking for select
configure:3992: result: yes
configure:3922: checking for setenv
configure:3992: result: yes
configure:3922: checking for setlocale
configure:3992: result: yes
configure:3922: checking for strcasecmp
configure:3992: result: yes
configure:3922: checking for strpbrk
configure:3992: result: yes
configure:3922: checking for tcgetattr
configure:3992: result: yes
configure:3922: checking for vsnprintf
configure:3992: result: yes
configure:3922: checking for isascii
configure:3992: result: yes
configure:3922: checking for isxdigit
configure:3992: result: yes
configure:4003: checking for working strcoll
configure:4052: result: yes
configure:4086: checking for unistd.h
configure:4091: result: yes
configure:4086: checking for stdlib.h
configure:4091: result: yes
configure:4086: checking for varargs.h
configure:4091: result: no
configure:4086: checking for stdarg.h
configure:4091: result: yes
configure:4086: checking for string.h
configure:4091: result: yes
configure:4086: checking for strings.h
configure:4091: result: yes
configure:4086: checking for limits.h
configure:4091: result: yes
configure:4086: checking for sys/ptem.h
configure:4091: result: no
configure:4086: checking for sys/pte.h
configure:4091: result: no
configure:4086: checking for sys/stream.h
configure:4091: result: no
configure:4086: checking for sys/select.h
configure:4091: result: yes
configure:4086: checking for termcap.h
configure:4091: result: no
configure:4086: checking for termios.h
configure:4091: result: yes
configure:4086: checking for termio.h
configure:4091: result: yes
configure:4086: checking for sys/file.h
configure:4091: result: yes
configure:4086: checking for locale.h
configure:4091: result: yes
configure:4086: checking for memory.h
configure:4091: result: yes
configure:4225: checking for type of signal functions
configure:4360: result: posix
configure:4381: checking if signal handlers must be reinstalled when invoked
configure:4468: result: no
configure:4479: checking for presence of POSIX-style sigsetjmp/siglongjmp
configure:4560: result: present
configure:4569: checking for lstat
configure:4614: result: yes
configure:4624: checking whether or not strcoll and strcmp differ
configure:4703: result: no
configure:4713: checking whether getpw functions are declared in pwd.h
configure:4743: result: yes
configure:4753: checking whether termios.h defines TIOCGWINSZ
configure:4781: result: no
configure:4785: checking whether sys/ioctl.h defines TIOCGWINSZ
configure:4813: result: yes
configure:4826: checking whether signal handlers are of type void
configure:4876: result: yes
configure:4885: checking for TIOCSTAT in sys/ioctl.h
configure:4929: result: no
configure:4938: checking for FIONREAD in sys/ioctl.h
configure:4982: result: yes
configure:4991: checking for speed_t in sys/types.h
configure:5034: result: no
configure:5043: checking for struct winsize in sys/ioctl.h and termios.h
configure:5125: result: sys/ioctl.h
configure:5144: checking if struct dirent has a d_ino member
configure:5209: result: yes
configure:5219: checking if struct dirent has a d_fileno member
configure:5284: result: yes
configure:5301: checking which library has the termcap functions
configure:5551: result: using gnutermcap
configure:5585: checking for wctype.h
configure:5590: result: yes
configure:5727: checking for wchar.h
configure:5732: result: yes
configure:5869: checking for langinfo.h
configure:5874: result: yes
configure:6007: checking for mbrtowc
configure:6077: result: yes
configure:6086: checking for mbsrtowcs
configure:6156: result: yes
configure:6165: checking for wcwidth
configure:6235: result: yes
configure:6251: checking for mbstate_t
configure:6302: result: yes
configure:6311: checking for nl_langinfo and CODESET
configure:6353: result: yes
configure:6379: checking configuration for building shared libraries
configure:6394: result: supported
configure:6544: creating ./config.status

## ---------------------- ##
## Running config.status. ##
## ---------------------- ##

This file was extended by readline config.status 4.3, which was
generated by GNU Autoconf 2.57.  Invocation command line was

  CONFIG_FILES    = 
  CONFIG_HEADERS  = 
  CONFIG_LINKS    = 
  CONFIG_COMMANDS = 
  $ ./config.status 

on localhost.localdomain

config.status:665: creating Makefile
config.status:665: creating doc/Makefile
config.status:665: creating examples/Makefile
config.status:665: creating shlib/Makefile
config.status:762: creating config.h
config.status:975: config.h is unchanged
config.status:1075: executing default commands

## ---------------- ##
## Cache variables. ##
## ---------------- ##

ac_cv_archive_cmds_needs_lc=yes
ac_cv_build=x86_64-unknown-linux-gnu
ac_cv_build_alias=x86_64-unknown-linux-gnu
ac_cv_c_bigendian=no
ac_cv_c_char_unsigned=no
ac_cv_c_compiler_gnu=yes
ac_cv_c_const=yes
ac_cv_c_inline=inline
ac_cv_c_stack_direction=-1
ac_cv_cygwin=no
ac_cv_env_CC_set=set
ac_cv_env_CC_value=gcc
ac_cv_env_CFLAGS_set=set
ac_cv_env_CFLAGS_value='-g -O2'
ac_cv_env_CPPFLAGS_set=
ac_cv_env_CPPFLAGS_value=
ac_cv_env_CPP_set=
ac_cv_env_CPP_value=
ac_cv_env_LDFLAGS_set=
ac_cv_env_LDFLAGS_value=
ac_cv_env_build_alias_set=set
ac_cv_env_build_alias_value=x86_64-unknown-linux-gnu
ac_cv_env_host_alias_set=set
ac_cv_env_host_alias_value=x86_64-unknown-linux-gnu
ac_cv_env_target_alias_set=set
ac_cv_env_target_alias_value=mips-elf
ac_cv_exeext=
ac_cv_func___argz_count=yes
ac_cv_func___argz_next=yes
ac_cv_func___argz_stringify=yes
ac_cv_func___setfpucw=no
ac_cv_func__doprnt=no
ac_cv_func_aint=no
ac_cv_func_alloca_works=yes
ac_cv_func_anint=no
ac_cv_func_asprintf=yes
ac_cv_func_atexit=yes
ac_cv_func_basename=yes
ac_cv_func_bcmp=yes
ac_cv_func_bcopy=yes
ac_cv_func_bsearch=yes
ac_cv_func_bzero=yes
ac_cv_func_calloc=yes
ac_cv_func_canonicalize_file_name=yes
ac_cv_func_clock=yes
ac_cv_func_dcgettext=yes
ac_cv_func_fcntl=yes
ac_cv_func_fdopen=yes
ac_cv_func_ffs=yes
ac_cv_func_getcwd=yes
ac_cv_func_getgid=yes
ac_cv_func_getpagesize=yes
ac_cv_func_getrusage=yes
ac_cv_func_getsysinfo=no
ac_cv_func_gettimeofday=yes
ac_cv_func_getuid=yes
ac_cv_func_index=yes
ac_cv_func_insque=yes
ac_cv_func_isascii=yes
ac_cv_func_isxdigit=yes
ac_cv_func_lstat=yes
ac_cv_func_madvise=yes
ac_cv_func_mbrtowc=yes
ac_cv_func_mbsrtowcs=yes
ac_cv_func_memchr=yes
ac_cv_func_memcmp=yes
ac_cv_func_memcpy=yes
ac_cv_func_memmove=yes
ac_cv_func_mempcpy=yes
ac_cv_func_memset=yes
ac_cv_func_mkstemps=yes
ac_cv_func_mmap=yes
ac_cv_func_mmap_fixed_mapped=no
ac_cv_func_mprotect=yes
ac_cv_func_munmap=yes
ac_cv_func_on_exit=yes
ac_cv_func_psignal=yes
ac_cv_func_pstat_getdynamic=no
ac_cv_func_pstat_getstatic=no
ac_cv_func_putenv=yes
ac_cv_func_random=yes
ac_cv_func_realpath=yes
ac_cv_func_rename=yes
ac_cv_func_rindex=yes
ac_cv_func_sbrk=yes
ac_cv_func_select=yes
ac_cv_func_setenv=yes
ac_cv_func_setitimer=yes
ac_cv_func_setlocale=yes
ac_cv_func_sigaction=yes
ac_cv_func_sigsetmask=yes
ac_cv_func_snprintf=yes
ac_cv_func_sqrt=yes
ac_cv_func_stpcpy=yes
ac_cv_func_stpncpy=yes
ac_cv_func_strcasecmp=yes
ac_cv_func_strchr=yes
ac_cv_func_strcoll_works=yes
ac_cv_func_strdup=yes
ac_cv_func_strerror=yes
ac_cv_func_strncasecmp=yes
ac_cv_func_strncmp_works=yes
ac_cv_func_strpbrk=yes
ac_cv_func_strrchr=yes
ac_cv_func_strsignal=yes
ac_cv_func_strstr=yes
ac_cv_func_strtod=yes
ac_cv_func_strtol=yes
ac_cv_func_strtoul=yes
ac_cv_func_sysconf=yes
ac_cv_func_sysctl=yes
ac_cv_func_sysmp=no
ac_cv_func_table=no
ac_cv_func_tcgetattr=yes
ac_cv_func_time=yes
ac_cv_func_times=yes
ac_cv_func_tmpnam=yes
ac_cv_func_vasprintf=yes
ac_cv_func_vfork_works=yes
ac_cv_func_vfprintf=yes
ac_cv_func_vprintf=yes
ac_cv_func_vsnprintf=yes
ac_cv_func_vsprintf=yes
ac_cv_func_waitpid=yes
ac_cv_func_wcwidth=yes
ac_cv_have_x=have_x=no
ac_cv_header_alloca_h=yes
ac_cv_header_argz_h=yes
ac_cv_header_dirent_dirent_h=yes
ac_cv_header_dlfcn_h=yes
ac_cv_header_errno_h=yes
ac_cv_header_fcntl_h=yes
ac_cv_header_fpu_control_h=yes
ac_cv_header_inttypes_h=yes
ac_cv_header_langinfo_h=yes
ac_cv_header_libintl_h=yes
ac_cv_header_limits_h=yes
ac_cv_header_locale_h=yes
ac_cv_header_machine_hal_sysinfo_h=no
ac_cv_header_malloc_h=yes
ac_cv_header_memory_h=yes
ac_cv_header_minix_config_h=no
ac_cv_header_nl_types_h=yes
ac_cv_header_stat_broken=no
ac_cv_header_stdarg_h=yes
ac_cv_header_stdc=yes
ac_cv_header_stddef_h=yes
ac_cv_header_stdint_h=yes
ac_cv_header_stdlib_h=yes
ac_cv_header_string_h=yes
ac_cv_header_strings_h=yes
ac_cv_header_sys_file_h=yes
ac_cv_header_sys_mman_h=yes
ac_cv_header_sys_param_h=yes
ac_cv_header_sys_pstat_h=no
ac_cv_header_sys_pte_h=no
ac_cv_header_sys_ptem_h=no
ac_cv_header_sys_resource_h=yes
ac_cv_header_sys_select_h=yes
ac_cv_header_sys_stat_h=yes
ac_cv_header_sys_stream_h=no
ac_cv_header_sys_sysctl_h=yes
ac_cv_header_sys_sysinfo_h=yes
ac_cv_header_sys_sysmp_h=no
ac_cv_header_sys_systemcfg_h=no
ac_cv_header_sys_table_h=no
ac_cv_header_sys_time_h=yes
ac_cv_header_sys_times_h=yes
ac_cv_header_sys_types_h=yes
ac_cv_header_sys_wait_h=yes
ac_cv_header_termcap_h=no
ac_cv_header_termio_h=yes
ac_cv_header_termios_h=yes
ac_cv_header_time=yes
ac_cv_header_time_h=yes
ac_cv_header_unistd_h=yes
ac_cv_header_values_h=yes
ac_cv_header_varargs_h=no
ac_cv_header_vfork_h=no
ac_cv_header_wchar_h=yes
ac_cv_header_wctype_h=yes
ac_cv_host=x86_64-unknown-linux-gnu
ac_cv_host_alias=x86_64-unknown-linux-gnu
ac_cv_lib_cposix_strerror=no
ac_cv_lib_curses_tgetent=no
ac_cv_lib_dir_opendir=no
ac_cv_lib_m_fabs=yes
ac_cv_lib_ncurses_tgetent=no
ac_cv_lib_nsl_gethostbyname=yes
ac_cv_lib_socket_bind=no
ac_cv_lib_termcap_tgetent=no
ac_cv_lib_tinfo_tgetent=no
ac_cv_mingw32=no
ac_cv_objext=o
ac_cv_os_cray=no
ac_cv_path_GMSGFMT=/usr/bin/msgfmt
ac_cv_path_MSGFMT=/usr/bin/msgfmt
ac_cv_path_XGETTEXT=/usr/bin/xgettext
ac_cv_path_install='/usr/bin/install -c'
ac_cv_prog_AR=ar
ac_cv_prog_CC=gcc
ac_cv_prog_CPP='gcc -E'
ac_cv_prog_LN_S='ln -s'
ac_cv_prog_PERL=perl
ac_cv_prog_RANLIB=ranlib
ac_cv_prog_STRIP=strip
ac_cv_prog_cc_can_build_shared=yes
ac_cv_prog_cc_cross=no
ac_cv_prog_cc_g=yes
ac_cv_prog_cc_gcc_c_o=yes
ac_cv_prog_cc_no_builtin=
ac_cv_prog_cc_pic=' -fPIC -DPIC'
ac_cv_prog_cc_pic_works=yes
ac_cv_prog_cc_shlib=
ac_cv_prog_cc_static=
ac_cv_prog_cc_static_works=no
ac_cv_prog_cc_stdc=
ac_cv_prog_cc_wl=-Wl,
ac_cv_prog_cc_works=yes
ac_cv_prog_egrep='grep -E'
ac_cv_prog_gcc=yes
ac_cv_prog_gcc_traditional=no
ac_cv_prog_make_make_set=yes
ac_cv_prog_ncn_cv_AR=ar
ac_cv_prog_ncn_cv_AS=as
ac_cv_prog_ncn_cv_DLLTOOL=dlltool
ac_cv_prog_ncn_cv_LD=ld
ac_cv_prog_ncn_cv_NM=nm
ac_cv_prog_ncn_cv_OBJCOPY=objcopy
ac_cv_prog_ncn_cv_OBJDUMP=objdump
ac_cv_prog_ncn_cv_RANLIB=ranlib
ac_cv_prog_ncn_cv_WINDRES=windres
ac_cv_search_opendir='none required'
ac_cv_sys_tiocgwinsz_in_sys_ioctl_h=yes
ac_cv_sys_tiocgwinsz_in_termios_h=no
ac_cv_type_off_t=yes
ac_cv_type_pid_t=yes
ac_cv_type_signal=void
ac_cv_type_size_t=yes
ac_cv_type_ssize_t=yes
ac_cv_type_uintptr_t=no
am_cv_val_LC_MESSAGES=yes
bash_cv_dirent_has_d_fileno=yes
bash_cv_dirent_has_dino=yes
bash_cv_fionread_in_ioctl=yes
bash_cv_func_lstat=yes
bash_cv_func_sigsetjmp=present
bash_cv_func_strcoll_broken=no
bash_cv_getpw_declared=yes
bash_cv_have_mbstate_t=yes
bash_cv_langinfo_codeset=yes
bash_cv_must_reinstall_sighandlers=no
bash_cv_signal_vintage=posix
bash_cv_speed_t_in_sys_types=no
bash_cv_struct_winsize_header=ioctl_h
bash_cv_termcap_lib=gnutermcap
bash_cv_tiocstat_in_ioctl=no
bash_cv_void_sighandler=yes
bfd_cv_decl_needed_free=no
bfd_cv_decl_needed_getenv=no
bfd_cv_decl_needed_getpagesize=no
bfd_cv_decl_needed_malloc=no
bfd_cv_decl_needed_realloc=no
bfd_cv_decl_needed_sbrk=no
bfd_cv_decl_needed_strstr=no
gt_cv_func_gettext_libc=yes
libiberty_cv_decl_needed_canonicalize_file_name=yes
libiberty_cv_declare_errno=no
libiberty_cv_var_sys_errlist=yes
libiberty_cv_var_sys_nerr=yes
libiberty_cv_var_sys_siglist=yes
lt_cv_compiler_c_o=yes
lt_cv_deplibs_check_method='file_magic ELF [0-9][0-9]*-bit [LM]SB (shared object|dynamic lib )'
lt_cv_file_magic_cmd='$MAGIC_CMD'
lt_cv_file_magic_test_file='/lib/libc.so* /lib/libc-*.so'
lt_cv_ld_reload_flag=-r
lt_cv_path_LD=ld
lt_cv_path_MAGIC_CMD=/usr/bin/file
lt_cv_path_NM=nm
lt_cv_prog_gnu_ld=yes
lt_cv_sys_max_cmd_len=49153
ncn_cv_AR=ar
ncn_cv_AS=as
ncn_cv_DLLTOOL=dlltool
ncn_cv_LD=ld
ncn_cv_NM=nm
ncn_cv_OBJCOPY=objcopy
ncn_cv_OBJDUMP=objdump
ncn_cv_RANLIB=ranlib
ncn_cv_WINDRES=windres
nls_cv_force_use_gnu_gettext=no
nls_cv_header_intl=
nls_cv_header_libgt=
nls_cv_use_gnu_gettext=no

## ----------------- ##
## Output variables. ##
## ----------------- ##

AR='ar'
ARFLAGS='cr'
BUILD_DIR='/root/cs161/cs161-gdb-1.4/readline'
CC='gcc'
CC_FOR_BUILD='gcc'
CFLAGS='-g -O2'
CPP='gcc -E'
CPPFLAGS=''
CROSS_COMPILING_FLAG=''
DEFS='-DHAVE_CONFIG_H'
ECHO_C=''
ECHO_N='-n'
ECHO_T=''
EGREP='grep -E'
EXEEXT=''
INSTALL_DATA='${INSTALL} -m 644'
INSTALL_PROGRAM='${INSTALL}'
INSTALL_SCRIPT='${INSTALL}'
LDFLAGS=' -L./lib/termcap'
LIBOBJS=''
LIBS=''
LIBVERSION='4.3'
LOCAL_CFLAGS=''
LOCAL_DEFS=''
LOCAL_LDFLAGS=''
LTLIBOBJS=''
MAKE_SHELL='/bin/sh'
OBJEXT='o'
PACKAGE_BUGREPORT='bug-readline@gnu.org'
PACKAGE_NAME='readline'
PACKAGE_STRING='readline 4.3'
PACKAGE_TARNAME='readline'
PACKAGE_VERSION='4.3'
PATH_SEPARATOR=':'
RANLIB='ranlib'
SET_MAKE=''
SHARED_INSTALL_TARGET=''
SHARED_TARGET=''
SHELL='/bin/sh'
SHLIB_LIBS=''
SHLIB_LIBSUFF='so'
SHLIB_LIBVERSION='$(SHLIB_LIBSUFF).$(SHLIB_MAJOR)$(SHLIB_MINOR)'
SHLIB_MAJOR='4'
SHLIB_MINOR='3'
SHLIB_STATUS='supported'
SHLIB_XLDFLAGS='-Wl,-rpath,$(libdir) -Wl,-soname,`basename $@ $(SHLIB_MINOR)`'
SHOBJ_CC='gcc'
SHOBJ_CFLAGS='-fPIC'
SHOBJ_LD='${CC}'
SHOBJ_LDFLAGS='-shared -Wl,-soname,$@'
SHOBJ_LIBS=''
SHOBJ_STATUS='supported'
SHOBJ_XLDFLAGS=''
STATIC_INSTALL_TARGET='install-static'
STATIC_TARGET='static'
TERMCAP_LIB='-ltermcap'
WCWIDTH_OBJ=''
ac_ct_CC=''
ac_ct_RANLIB=''
bindir='${exec_prefix}/bin'
build='x86_64-unknown-linux-gnu'
build_alias='x86_64-unknown-linux-gnu'
build_cpu='x86_64'
build_os='linux-gnu'
build_vendor='unknown'
datadir='${prefix}/share'
exec_prefix='${prefix}'
host='x86_64-unknown-linux-gnu'
host_alias='x86_64-unknown-linux-gnu'
host_cpu='x86_64'
host_os='linux-gnu'
host_vendor='unknown'
includedir='${prefix}/include'
infodir='${prefix}/info'
libdir='${exec_prefix}/lib'
libexecdir='${exec_prefix}/libexec'
localstatedir='${prefix}/var'
mandir='${prefix}/man'
oldincludedir='/usr/include'
prefix='/root/cs161/tools'
program_transform_name='s,x,x,'
sbindir='${exec_prefix}/sbin'
sharedstatedir='${prefix}/com'
sysconfdir='${prefix}/etc'
target_alias='mips-elf'

## ----------- ##
## confdefs.h. ##
## ----------- ##

#define FIONREAD_IN_SYS_IOCTL 1
#define GWINSZ_IN_SYS_IOCTL 1
#define HAVE_DIRENT_H 1
#define HAVE_GETPW_DECLS 1
#define HAVE_INTTYPES_H 1
#define HAVE_ISASCII 1
#define HAVE_ISXDIGIT 1
#define HAVE_LANGINFO_CODESET 1
#define HAVE_LANGINFO_H 1
#define HAVE_LIMITS_H 1
#define HAVE_LOCALE_H 1
#define HAVE_LSTAT 1
#define HAVE_LSTAT 1
#define HAVE_MBRTOWC 1
#define HAVE_MBSRTOWCS 1
#define HAVE_MBSTATE_T 1
#define HAVE_MEMMOVE 1
#define HAVE_MEMORY_H 1
#define HAVE_MEMORY_H 1
#define HAVE_POSIX_SIGNALS 1
#define HAVE_POSIX_SIGSETJMP 1
#define HAVE_PUTENV 1
#define HAVE_SELECT 1
#define HAVE_SETENV 1
#define HAVE_SETLOCALE 1
#define HAVE_STDARG_H 1
#define HAVE_STDINT_H 1
#define HAVE_STDLIB_H 1
#define HAVE_STDLIB_H 1
#define HAVE_STRCASECMP 1
#define HAVE_STRCOLL 1
#define HAVE_STRINGS_H 1
#define HAVE_STRINGS_H 1
#define HAVE_STRING_H 1
#define HAVE_STRING_H 1
#define HAVE_STRPBRK 1
#define HAVE_SYS_FILE_H 1
#define HAVE_SYS_SELECT_H 1
#define HAVE_SYS_STAT_H 1
#define HAVE_SYS_TYPES_H 1
#define HAVE_TCGETATTR 1
#define HAVE_TERMIOS_H 1
#define HAVE_TERMIO_H 1
#define HAVE_UNISTD_H 1
#define HAVE_UNISTD_H 1
#define HAVE_VSNPRINTF 1
#define HAVE_WCHAR_H 1
#define HAVE_WCTYPE_H 1
#define HAVE_WCWIDTH 1
#define PACKAGE_BUGREPORT "bug-readline@gnu.org"
#define PACKAGE_NAME "readline"
#define PACKAGE_STRING "readline 4.3"
#define PACKAGE_TARNAME "readline"
#define PACKAGE_VERSION "4.3"
#define PROTOTYPES 1
#define RETSIGTYPE void
#define STDC_HEADERS 1
#define STRUCT_DIRENT_HAS_D_FILENO 1
#define STRUCT_DIRENT_HAS_D_INO 1
#define STRUCT_WINSIZE_IN_SYS_IOCTL 1
#define VOID_SIGHANDLER 1
#define __PROTOTYPES 1

configure: exit 0
